total 148K
drwxr-xr-x   1 root root 4.0K Dec 12 08:15 .
drwxr-xr-x   1 root root 4.0K Dec 12 08:15 ..
-rwxr-xr-x   1 root root    0 Dec 12 08:15 .dockerenv
-rw-r--r--   1 root root  12K Mar  5  2019 anaconda-post.log
-rwxr-xr-x   1 root root  182 Jan  1  1970 apply.sh
lrwxrwxrwx   1 root root    7 Mar  5  2019 bin -> usr/bin
drwxr-xr-x  17 root root 4.2K Dec 12 08:15 dev
drwxr-xr-x   1 root root 4.0K Dec 12 08:15 etc
drwxr-xr-x   2 root root 4.0K Apr 11  2018 home
-rw-r--r--   1 root root 5.6K Jan  1  1970 kubeconfig.kubeconfig
lrwxrwxrwx   1 root root    7 Mar  5  2019 lib -> usr/lib
lrwxrwxrwx   1 root root    9 Mar  5  2019 lib64 -> usr/lib64
-rw-r--r--   1 root root  65K Jan  1  1970 list.yaml
drwxr-xr-x   2 root root 4.0K Apr 11  2018 media
drwxr-xr-x   2 root root 4.0K Apr 11  2018 mnt
-rw-r--r--   1 root root    9 Jan  1  1970 namespace-file
drwxr-xr-x   2 root root 4.0K Apr 11  2018 opt
dr-xr-xr-x 423 root root    0 Dec 10 11:05 proc
dr-xr-x---   1 root root 4.0K May  2  2019 root
drwxr-xr-x   1 root root 4.0K May  2  2019 run
lrwxrwxrwx   1 root root    8 Mar  5  2019 sbin -> usr/sbin
drwxr-xr-x   2 root root 4.0K Apr 11  2018 srv
dr-xr-xr-x  13 root root    0 Dec 12 08:13 sys
drwxrwxrwt   1 root root 4.0K May  2  2019 tmp
drwxr-xr-x   1 root root 4.0K Mar  5  2019 usr
drwxr-xr-x   1 root root 4.0K Mar  5  2019 var
imagestream.image.openshift.io/dotnet created
imagestream.image.openshift.io/httpd created
imagestream.image.openshift.io/jenkins created
imagestream.image.openshift.io/mariadb created
imagestream.image.openshift.io/mongodb created
imagestream.image.openshift.io/mysql created
imagestream.image.openshift.io/nginx created
imagestream.image.openshift.io/nodejs created
imagestream.image.openshift.io/perl created
imagestream.image.openshift.io/php created
imagestream.image.openshift.io/postgresql created
imagestream.image.openshift.io/python created
imagestream.image.openshift.io/redis created
imagestream.image.openshift.io/ruby created
imagestream.image.openshift.io/wildfly created
