openshift-apiserver
total 96K
drwxr-xr-x   1 root root 4.0K Dec 12 08:13 .
drwxr-xr-x   1 root root 4.0K Dec 12 08:13 ..
-rwxr-xr-x   1 root root    0 Dec 12 08:13 .dockerenv
-rw-r--r--   1 root root  12K Mar  5  2019 anaconda-post.log
lrwxrwxrwx   1 root root    7 Mar  5  2019 bin -> usr/bin
drwxr-xr-x  17 root root 4.2K Dec 12 08:13 dev
drwxr-xr-x   1 root root 4.0K Dec 12 08:13 etc
drwxr-xr-x   2 root root 4.0K Apr 11  2018 home
-rwxr-xr-x   1 root root  857 Jan  1  1970 install.sh
-rw-r--r--   1 root root 6.9K Jan  1  1970 install.yaml
-rw-r--r--   1 root root 5.6K Jan  1  1970 kubeconfig.kubeconfig
lrwxrwxrwx   1 root root    7 Mar  5  2019 lib -> usr/lib
lrwxrwxrwx   1 root root    9 Mar  5  2019 lib64 -> usr/lib64
drwxr-xr-x   2 root root 4.0K Apr 11  2018 media
drwxr-xr-x   2 root root 4.0K Apr 11  2018 mnt
-rw-r--r--   1 root root   19 Jan  1  1970 namespace-file
-rw-r--r--   1 root root  168 Jan  1  1970 namespace.yaml
drwxr-xr-x   2 root root 4.0K Apr 11  2018 opt
-rw-r--r--   1 root root  727 Jan  1  1970 param-file.txt
-rw-r--r--   1 root root    0 Jan  1  1970 privileged-sa-list.txt
dr-xr-xr-x 357 root root    0 Dec 10 11:05 proc
-rw-r--r--   1 root root    0 Jan  1  1970 rbac.yaml
dr-xr-x---   1 root root 4.0K May  2  2019 root
drwxr-xr-x   1 root root 4.0K May  2  2019 run
lrwxrwxrwx   1 root root    8 Mar  5  2019 sbin -> usr/sbin
drwxr-xr-x   2 root root 4.0K Apr 11  2018 srv
dr-xr-xr-x  13 root root    0 Dec 12 08:13 sys
drwxrwxrwt   1 root root 4.0K May  2  2019 tmp
drwxr-xr-x   1 root root 4.0K Mar  5  2019 usr
drwxr-xr-x   1 root root 4.0K Mar  5  2019 var
namespace/openshift-apiserver created
daemonset.apps/openshift-apiserver created
serviceaccount/openshift-apiserver created
service/api created
apiservice.apiregistration.k8s.io/v1.apps.openshift.io created
apiservice.apiregistration.k8s.io/v1.authorization.openshift.io created
apiservice.apiregistration.k8s.io/v1.build.openshift.io created
apiservice.apiregistration.k8s.io/v1.image.openshift.io created
apiservice.apiregistration.k8s.io/v1.network.openshift.io created
apiservice.apiregistration.k8s.io/v1.oauth.openshift.io created
apiservice.apiregistration.k8s.io/v1.project.openshift.io created
apiservice.apiregistration.k8s.io/v1.quota.openshift.io created
apiservice.apiregistration.k8s.io/v1.route.openshift.io created
apiservice.apiregistration.k8s.io/v1.security.openshift.io created
apiservice.apiregistration.k8s.io/v1.template.openshift.io created
apiservice.apiregistration.k8s.io/v1.user.openshift.io created
